Arguments: 
  C:\Program Files\nodejs\node.exe C:\Program Files\nodejs\node_modules\yarn\bin\yarn.js add dva-loading --save

PATH: 
  C:\ProgramData\Oracle\Java\javapath;C:\Windows\system32;C:\Windows;C:\Windows\System32\Wbem;C:\Windows\System32\WindowsPowerShell\v1.0\;d:\Program Files\Git\cmd;C:\Program Files\TortoiseSVN\bin;C:\Users\jrzhouweixue\AppData\Roaming\nvm;C:\Program Files\nodejs;D:\Program Files\nodejs\;C:\Program Files (x86)\ATI Technologies\ATI.ACE\Core-Static;C:\Program Files\Java\jdk1.8.0_161\bin;C:\Program Files\apache-maven-3.3.3\bin;C:\Users\jrzhouweixue\AppData\Roaming\nvm;C:\Program Files\nodejs;C:\Users\jrzhouweixue\AppData\Roaming\npm;d:\Program Files\Microsoft VS Code\bin

Yarn version: 
  1.6.0

Node version: 
  8.9.4

Platform: 
  win32 x64

Trace: 
  Error: ENOENT: no such file or directory, copyfile 'C:\Users\jrzhouweixue\AppData\Local\Yarn\Cache\v1\npm-define-property-2.0.2-d459689e8d654ba77e02a817f8710d702cb16e9d\index.js' -> 'D:\react\dva-quickstart\node_modules\anymatch\node_modules\define-property\index.js'

npm manifest: 
  {
    "private": true,
    "scripts": {
      "start": "roadhog server",
      "build": "roadhog build",
      "lint": "eslint --ext .js src test",
      "precommit": "npm run lint"
    },
    "dependencies": {
      "antd": "^3.4.3",
      "babel-plugin-import": "^1.7.0",
      "dva": "^2.2.3",
      "react": "^16.2.0",
      "react-dom": "^16.2.0"
    },
    "devDependencies": {
      "babel-plugin-dva-hmr": "^0.3.2",
      "eslint": "^4.14.0",
      "eslint-config-umi": "^0.1.1",
      "eslint-plugin-flowtype": "^2.34.1",
      "eslint-plugin-import": "^2.6.0",
      "eslint-plugin-jsx-a11y": "^5.1.1",
      "eslint-plugin-react": "^7.1.0",
      "husky": "^0.12.0",
      "redbox-react": "^1.4.3",
      "roadhog": "^2.0.0"
    }
  }

yarn manifest: 
  No manifest

Lockfile: 
  No lockfile
